{"uuid":"a37105df-e0e3-4326-b636-c04b2e297344","historyId":"9b977820997158ce8438c6279c3ff139","testCaseId":"112a02949b2d32981e02238d30bb62dd","fullName":"src/test/resources/Features/UserLogin.feature:11","labels":[{"name":"host","value":"LAPTOP-JSRE26FC"},{"name":"thread","value":"17732@LAPTOP-JSRE26FC.main(1)"},{"name":"feature","value":"User logs in letskodeit"},{"name":"story","value":"Logging in letskodeit"},{"name":"suite","value":"User logs in letskodeit"},{"name":"testClass","value":"Logging in letskodeit"},{"name":"framework","value":"cucumber4jvm"},{"name":"language","value":"java"},{"name":"gherkin_uri","value":"file:///D:/aaaa/Projectletskodeit/Projectletskodeit/src/test/resources/Features/UserLogin.feature"},{"name":"package","value":"src.test.resources.Features.UserLogin_feature.User logs in letskodeit"}],"links":[],"name":"Logging in letskodeit","status":"failed","statusDetails":{"known":false,"muted":false,"flaky":false,"message":"expected [https://www.letskodeit.com/] but found [https://www.letskodeit.com/login]","trace":"java.lang.AssertionError: expected [https://www.letskodeit.com/] but found [https://www.letskodeit.com/login]\r\n\tat org.testng.Assert.fail(Assert.java:99)\r\n\tat org.testng.Assert.failNotEquals(Assert.java:1037)\r\n\tat org.testng.Assert.assertEqualsImpl(Assert.java:140)\r\n\tat org.testng.Assert.assertEquals(Assert.java:122)\r\n\tat org.testng.Assert.assertEquals(Assert.java:629)\r\n\tat org.testng.Assert.assertEquals(Assert.java:639)\r\n\tat com.loginsteps.UserLoginStepDefinitions.user_is_on_homepage(UserLoginStepDefinitions.java:57)\r\n\tat ✽.User is on homepage(file:///D:/aaaa/Projectletskodeit/Projectletskodeit/src/test/resources/Features/UserLogin.feature:7)\r\n"},"stage":"finished","steps":[{"name":"Given User is on login page","status":"passed","statusDetails":{"known":false,"muted":false,"flaky":false},"stage":"finished","steps":[],"attachments":[],"parameters":[],"start":1742289158544,"stop":1742289163301},{"name":"When User enters \"arpan@gmail.com\" and \"ak@123\"","status":"passed","statusDetails":{"known":false,"muted":false,"flaky":false},"stage":"finished","steps":[],"attachments":[],"parameters":[],"start":1742289163302,"stop":1742289163459},{"name":"And User clicks on login","status":"passed","statusDetails":{"known":false,"muted":false,"flaky":false},"stage":"finished","steps":[],"attachments":[],"parameters":[],"start":1742289163459,"stop":1742289168564},{"name":"Then User is on homepage","status":"failed","statusDetails":{"known":false,"muted":false,"flaky":false,"message":"expected [https://www.letskodeit.com/] but found [https://www.letskodeit.com/login]","trace":"java.lang.AssertionError: expected [https://www.letskodeit.com/] but found [https://www.letskodeit.com/login]\r\n\tat org.testng.Assert.fail(Assert.java:99)\r\n\tat org.testng.Assert.failNotEquals(Assert.java:1037)\r\n\tat org.testng.Assert.assertEqualsImpl(Assert.java:140)\r\n\tat org.testng.Assert.assertEquals(Assert.java:122)\r\n\tat org.testng.Assert.assertEquals(Assert.java:629)\r\n\tat org.testng.Assert.assertEquals(Assert.java:639)\r\n\tat com.loginsteps.UserLoginStepDefinitions.user_is_on_homepage(UserLoginStepDefinitions.java:57)\r\n\tat ✽.User is on homepage(file:///D:/aaaa/Projectletskodeit/Projectletskodeit/src/test/resources/Features/UserLogin.feature:7)\r\n"},"stage":"finished","steps":[],"attachments":[],"parameters":[],"start":1742289168564,"stop":1742289168572}],"attachments":[],"parameters":[{"name":"email","value":"arpan@gmail.com"},{"name":"password","value":"ak@123"}],"start":1742289157496,"stop":1742289168867}