{"uuid":"d3028204-4b31-4180-a2ca-bffda427eeab","historyId":"9b977820997158ce8438c6279c3ff139","testCaseId":"112a02949b2d32981e02238d30bb62dd","fullName":"src/test/resources/Features/UserLogin.feature:11","labels":[{"name":"host","value":"DESKTOP-KHFPL78"},{"name":"thread","value":"8748@DESKTOP-KHFPL78.main(1)"},{"name":"feature","value":"User logs in letskodeit"},{"name":"story","value":"Logging in letskodeit"},{"name":"suite","value":"User logs in letskodeit"},{"name":"testClass","value":"Logging in letskodeit"},{"name":"framework","value":"cucumber4jvm"},{"name":"language","value":"java"},{"name":"gherkin_uri","value":"file:///C:/Users/Administrator/Desktop/Capstone_24532/Projectletskodeit/src/test/resources/Features/UserLogin.feature"},{"name":"package","value":"src.test.resources.Features.UserLogin_feature.User logs in letskodeit"}],"links":[],"name":"Logging in letskodeit","status":"failed","statusDetails":{"known":false,"muted":false,"flaky":false,"message":"expected [https://www.letskodeit.com/] but found [https://www.letskodeit.com/login]","trace":"java.lang.AssertionError: expected [https://www.letskodeit.com/] but found [https://www.letskodeit.com/login]\r\n\tat org.testng.Assert.fail(Assert.java:111)\r\n\tat org.testng.Assert.failNotEquals(Assert.java:1590)\r\n\tat org.testng.Assert.assertEqualsImpl(Assert.java:150)\r\n\tat org.testng.Assert.assertEquals(Assert.java:132)\r\n\tat org.testng.Assert.assertEquals(Assert.java:656)\r\n\tat org.testng.Assert.assertEquals(Assert.java:666)\r\n\tat com.loginsteps.UserLoginStepDefinitions.user_is_on_homepage(UserLoginStepDefinitions.java:57)\r\n\tat ✽.User is on homepage(file:///C:/Users/Administrator/Desktop/Capstone_24532/Projectletskodeit/src/test/resources/Features/UserLogin.feature:7)\r\n"},"stage":"finished","steps":[{"name":"Given User is on login page","status":"passed","statusDetails":{"known":false,"muted":false,"flaky":false},"stage":"finished","steps":[],"attachments":[],"parameters":[],"start":1742374604045,"stop":1742374612394},{"name":"When User enters \"clokesh@gmail.com\" and \"clok@123\"","status":"passed","statusDetails":{"known":false,"muted":false,"flaky":false},"stage":"finished","steps":[],"attachments":[],"parameters":[],"start":1742374612394,"stop":1742374612697},{"name":"And User clicks on login","status":"passed","statusDetails":{"known":false,"muted":false,"flaky":false},"stage":"finished","steps":[],"attachments":[],"parameters":[],"start":1742374612698,"stop":1742374617862},{"name":"Then User is on homepage","status":"failed","statusDetails":{"known":false,"muted":false,"flaky":false,"message":"expected [https://www.letskodeit.com/] but found [https://www.letskodeit.com/login]","trace":"java.lang.AssertionError: expected [https://www.letskodeit.com/] but found [https://www.letskodeit.com/login]\r\n\tat org.testng.Assert.fail(Assert.java:111)\r\n\tat org.testng.Assert.failNotEquals(Assert.java:1590)\r\n\tat org.testng.Assert.assertEqualsImpl(Assert.java:150)\r\n\tat org.testng.Assert.assertEquals(Assert.java:132)\r\n\tat org.testng.Assert.assertEquals(Assert.java:656)\r\n\tat org.testng.Assert.assertEquals(Assert.java:666)\r\n\tat com.loginsteps.UserLoginStepDefinitions.user_is_on_homepage(UserLoginStepDefinitions.java:57)\r\n\tat ✽.User is on homepage(file:///C:/Users/Administrator/Desktop/Capstone_24532/Projectletskodeit/src/test/resources/Features/UserLogin.feature:7)\r\n"},"stage":"finished","steps":[],"attachments":[],"parameters":[],"start":1742374617863,"stop":1742374617875}],"attachments":[],"parameters":[{"name":"email","value":"clokesh@gmail.com"},{"name":"password","value":"clok@123"}],"start":1742374602527,"stop":1742374618284}