<!DOCTYPE html PUBLIC "-//W3C//DTD XHTML 1.1//EN" "https://www.w3.org/TR/xhtml11/DTD/xhtml11.dtd">
<html xmlns="https://www.w3.org/1999/xhtml">
<head>
<meta http-equiv="content-type" content="text/html; charset=UTF-8"/>
<title>TestNG Report</title>
<style type="text/css">table {margin-bottom:10px;border-collapse:collapse;empty-cells:show}th,td {border:1px solid #009;padding:.25em .5em}th {vertical-align:bottom}td {vertical-align:top}table a {font-weight:bold}.stripe td {background-color: #E6EBF9}.num {text-align:right}.passedodd td {background-color: #3F3}.passedeven td {background-color: #0A0}.skippedodd td {background-color: #DDD}.skippedeven td {background-color: #CCC}.failedodd td,.attn {background-color: #F33}.failedeven td,.stripe .attn {background-color: #D00}.stacktrace {white-space:pre;font-family:monospace}.totop {font-size:85%;text-align:center;border-bottom:2px solid #000}.invisible {display:none}</style>
</head>
<body>
<table>
<tr><th>Test</th><th># Passed</th><th># Skipped</th><th># Retried</th><th># Failed</th><th>Time (ms)</th><th>Included Groups</th><th>Excluded Groups</th></tr>
<tr><th colspan="8">Suite</th></tr>
<tr><td><a href="#t0">Test</a></td><td class="num">19</td><td class="num">0</td><td class="num">0</td><td class="num attn">3</td><td class="num">295,672</td><td></td><td></td></tr>
</table>
<table id='summary'><thead><tr><th>Class</th><th>Method</th><th>Start</th><th>Time (ms)</th></tr></thead><tbody><tr><th colspan="4">Suite</th></tr></tbody><tbody id="t0"><tr><th colspan="4">Test &#8212; failed</th></tr><tr class="failedeven"><td rowspan="1">com.runners.HomePageTestRunner</td><td><a href="#m0">runScenario</a></td><td rowspan="1">1742366856074</td><td rowspan="1">10279</td></tr><tr class="failedodd"><td rowspan="1">com.runners.UserLoginTestRunner</td><td><a href="#m1">runScenario</a></td><td rowspan="1">1742366966376</td><td rowspan="1">14867</td></tr><tr class="failedeven"><td rowspan="1">com.runners.UserRegistrationTestRunner</td><td><a href="#m2">runScenario</a></td><td rowspan="1">1742366981302</td><td rowspan="1">8661</td></tr><tr><th colspan="4">Test &#8212; passed</th></tr><tr class="passedeven"><td rowspan="1">com.runners.AddToCartTestRunner</td><td><a href="#m3">runScenario</a></td><td rowspan="1">1742366707746</td><td rowspan="1">16218</td></tr><tr class="passedodd"><td rowspan="1">com.runners.AlertTestRunner</td><td><a href="#m4">runScenario</a></td><td rowspan="1">1742366724120</td><td rowspan="1">18793</td></tr><tr class="passedeven"><td rowspan="1">com.runners.AutoSuggestTestRunner</td><td><a href="#m5">runScenario</a></td><td rowspan="1">1742366760573</td><td rowspan="1">11664</td></tr><tr class="passedodd"><td rowspan="1">com.runners.CheckBoxTestRunner</td><td><a href="#m6">runScenario</a></td><td rowspan="1">1742366742986</td><td rowspan="1">17526</td></tr><tr class="passedeven"><td rowspan="1">com.runners.CheckoutTestRunner</td><td><a href="#m7">runScenario</a></td><td rowspan="1">1742366772288</td><td rowspan="1">13393</td></tr><tr class="passedodd"><td rowspan="1">com.runners.CourseFilterTestRunner</td><td><a href="#m8">runScenario</a></td><td rowspan="1">1742366785734</td><td rowspan="1">15525</td></tr><tr class="passedeven"><td rowspan="1">com.runners.CourseSearchTestRunner</td><td><a href="#m9">runScenario</a></td><td rowspan="1">1742366801304</td><td rowspan="1">15144</td></tr><tr class="passedodd"><td rowspan="2">com.runners.EnableDisableTestRunner</td><td><a href="#m10">runScenario</a></td><td rowspan="2">1742366816513</td><td rowspan="2">10455</td></tr><tr class="passedodd"><td><a href="#m11">runScenario</a></td></tr><tr class="passedeven"><td rowspan="1">com.runners.HideShowTestRunner</td><td><a href="#m12">runScenario</a></td><td rowspan="1">1742366840763</td><td rowspan="1">15269</td></tr><tr class="passedodd"><td rowspan="1">com.runners.HomePageTestRunner</td><td><a href="#m13">runScenario</a></td><td rowspan="1">1742366866356</td><td rowspan="1">10588</td></tr><tr class="passedeven"><td rowspan="1">com.runners.IFrameTestRunner</td><td><a href="#m14">runScenario</a></td><td rowspan="1">1742366876999</td><td rowspan="1">13282</td></tr><tr class="passedodd"><td rowspan="2">com.runners.MouseHoverTestRunner</td><td><a href="#m15">runScenario</a></td><td rowspan="2">1742366900671</td><td rowspan="2">10368</td></tr><tr class="passedodd"><td><a href="#m16">runScenario</a></td></tr><tr class="passedeven"><td rowspan="1">com.runners.RadioButtonTestRunner</td><td><a href="#m17">runScenario</a></td><td rowspan="1">1742366911082</td><td rowspan="1">15186</td></tr><tr class="passedodd"><td rowspan="1">com.runners.SelectDropdownTestRunner</td><td><a href="#m18">runScenario</a></td><td rowspan="1">1742366926313</td><td rowspan="1">10881</td></tr><tr class="passedeven"><td rowspan="1">com.runners.SwitchTabTestRunner</td><td><a href="#m19">runScenario</a></td><td rowspan="1">1742366937243</td><td rowspan="1">16739</td></tr><tr class="passedodd"><td rowspan="1">com.runners.SwitchWindowTestRunner</td><td><a href="#m20">runScenario</a></td><td rowspan="1">1742366954025</td><td rowspan="1">12256</td></tr><tr class="passedeven"><td rowspan="1">com.runners.WebTableTestRunner</td><td><a href="#m21">runScenario</a></td><td rowspan="1">1742366989998</td><td rowspan="1">12067</td></tr></tbody>
</table>
<h2>Test</h2><h3 id="m0">com.runners.HomePageTestRunner#runScenario</h3><table class="result"><tr class="param"><th>Parameter #1</th><th>Parameter #2</th></tr><tr class="param stripe"><td>&quot;Verify the title of the homepage&quot;</td><td>&quot;Home Page Verification&quot;</td></tr><tr><th colspan="2">Exception</th></tr><tr><td colspan="2"><div class="stacktrace">java.lang.AssertionError: Page title does not match! expected [My Courses] but found [Login]
	at com.homepagesteps.HomePageStepDefinitions.the_title_of_the_page_should_be(HomePageStepDefinitions.java:42)
	at ✽.The title of the page should be &quot;My Courses&quot;(file:///C:/Users/Administrator/Desktop/Capstone_24532/Projectletskodeit/src/test/resources/Features/HomePage.feature:8)
... Removed 5 stack frames</div></td></tr></table><p class="totop"><a href="#summary">back to summary</a></p>
<h3 id="m1">com.runners.UserLoginTestRunner#runScenario</h3><table class="result"><tr class="param"><th>Parameter #1</th><th>Parameter #2</th></tr><tr class="param stripe"><td>&quot;Logging in letskodeit&quot;</td><td>&quot;User logs in letskodeit&quot;</td></tr><tr><th colspan="2">Exception</th></tr><tr><td colspan="2"><div class="stacktrace">java.lang.AssertionError: expected [https://www.letskodeit.com/] but found [https://www.letskodeit.com/login]
	at com.loginsteps.UserLoginStepDefinitions.user_is_on_homepage(UserLoginStepDefinitions.java:57)
	at ✽.User is on homepage(file:///C:/Users/Administrator/Desktop/Capstone_24532/Projectletskodeit/src/test/resources/Features/UserLogin.feature:7)
... Removed 6 stack frames</div></td></tr></table><p class="totop"><a href="#summary">back to summary</a></p>
<h3 id="m2">com.runners.UserRegistrationTestRunner#runScenario</h3><table class="result"><tr class="param"><th>Parameter #1</th><th>Parameter #2</th></tr><tr class="param stripe"><td>&quot;Registering in letskodeit&quot;</td><td>&quot;Registration in letskodeit&quot;</td></tr><tr><th colspan="2">Exception</th></tr><tr><td colspan="2"><div class="stacktrace">org.openqa.selenium.NoSuchElementException: no such element: Unable to locate element: {&quot;method&quot;:&quot;xpath&quot;,&quot;selector&quot;:&quot;//input[@id=&apos;name&apos;]&quot;}
  (Session info: chrome=134.0.6998.89)
For documentation on this error, please visit: https://www.selenium.dev/documentation/webdriver/troubleshooting/errors#no-such-element-exception
Build info: version: &apos;4.28.1&apos;, revision: &apos;73f5ad48a2&apos;
System info: os.name: &apos;Windows 10&apos;, os.arch: &apos;amd64&apos;, os.version: &apos;10.0&apos;, java.version: &apos;23.0.2&apos;
Driver info: org.openqa.selenium.chrome.ChromeDriver
Command: [e7d317d4fd840a86eed3e95777fdfac7, findElement {value=//input[@id=&apos;name&apos;], using=xpath}]
Capabilities {acceptInsecureCerts: false, browserName: chrome, browserVersion: 134.0.6998.89, chrome: {chromedriverVersion: 134.0.6998.88 (7e3d5c978c6d..., userDataDir: C:\Windows\SystemTemp\scope...}, fedcm:accounts: true, goog:chromeOptions: {debuggerAddress: localhost:58815}, networkConnectionEnabled: false, pageLoadStrategy: normal, platformName: windows, proxy: Proxy(), se:cdp: ws://localhost:58815/devtoo..., se:cdpVersion: 134.0.6998.89, setWindowRect: true, strictFileInteractability: false, timeouts: {implicit: 0, pageLoad: 300000, script: 30000}, unhandledPromptBehavior: dismiss and notify, webauthn:extension:credBlob: true, webauthn:extension:largeBlob: true, webauthn:extension:minPinLength: true, webauthn:extension:prf: true, webauthn:virtualAuthenticators: true}
Session ID: e7d317d4fd840a86eed3e95777fdfac7
	at org.openqa.selenium.remote.ErrorCodec.decode(ErrorCodec.java:167)
	at org.openqa.selenium.remote.codec.w3c.W3CHttpResponseCodec.decode(W3CHttpResponseCodec.java:138)
	at org.openqa.selenium.remote.codec.w3c.W3CHttpResponseCodec.decode(W3CHttpResponseCodec.java:50)
	at org.openqa.selenium.remote.HttpCommandExecutor.execute(HttpCommandExecutor.java:215)
	at org.openqa.selenium.remote.service.DriverCommandExecutor.invokeExecute(DriverCommandExecutor.java:216)
	at org.openqa.selenium.remote.service.DriverCommandExecutor.execute(DriverCommandExecutor.java:174)
	at org.openqa.selenium.remote.RemoteWebDriver.execute(RemoteWebDriver.java:545)
	at org.openqa.selenium.remote.ElementLocation$ElementFinder$2.findElement(ElementLocation.java:165)
	at org.openqa.selenium.remote.ElementLocation.findElement(ElementLocation.java:59)
	at org.openqa.selenium.remote.RemoteWebDriver.findElement(RemoteWebDriver.java:368)
	at org.openqa.selenium.remote.RemoteWebDriver.findElement(RemoteWebDriver.java:362)
	at org.openqa.selenium.support.pagefactory.DefaultElementLocator.findElement(DefaultElementLocator.java:68)
	at org.openqa.selenium.support.pagefactory.internal.LocatingElementHandler.invoke(LocatingElementHandler.java:38)
	at jdk.proxy2/jdk.proxy2.$Proxy27.sendKeys(Unknown Source)
	at com.basepage.BasePage.enterText(BasePage.java:28)
	at com.pages.UserRegistrationPage.setFirstName(UserRegistrationPage.java:49)
	at com.registrationsteps.UserRegistrationStepDefinitions.user_is_required_to_enter_and_and_and_and(UserRegistrationStepDefinitions.java:49)
	at ✽.User is required to enter &quot;c&quot; and &quot;lokesh&quot; and &quot;clokesh@gmail.com&quot; and &quot;clok@123&quot; and &quot;clok@123&quot;(file:///C:/Users/Administrator/Desktop/Capstone_24532/Projectletskodeit/src/test/resources/Features/UserRegistration.feature:7)
... Removed 3 stack frames</div></td></tr></table><p class="totop"><a href="#summary">back to summary</a></p>
<h3 id="m3">com.runners.AddToCartTestRunner#runScenario</h3><table class="result"><tr class="param"><th>Parameter #1</th><th>Parameter #2</th></tr><tr class="param stripe"><td>&quot;User adds product to the shopping bag&quot;</td><td>&quot;Add product to the shopping bag&quot;</td></tr></table><p class="totop"><a href="#summary">back to summary</a></p>
<h3 id="m4">com.runners.AlertTestRunner#runScenario</h3><table class="result"><tr class="param"><th>Parameter #1</th><th>Parameter #2</th></tr><tr class="param stripe"><td>&quot;Verify alert message after entering text&quot;</td><td>&quot;Alert Handling Functionality&quot;</td></tr></table><p class="totop"><a href="#summary">back to summary</a></p>
<h3 id="m5">com.runners.AutoSuggestTestRunner#runScenario</h3><table class="result"><tr class="param"><th>Parameter #1</th><th>Parameter #2</th></tr><tr class="param stripe"><td>&quot;Verify auto suggest feature&quot;</td><td>&quot;Automate functionality for auto suggest feature&quot;</td></tr></table><p class="totop"><a href="#summary">back to summary</a></p>
<h3 id="m6">com.runners.CheckBoxTestRunner#runScenario</h3><table class="result"><tr class="param"><th>Parameter #1</th><th>Parameter #2</th></tr><tr class="param stripe"><td>&quot;Select Honda checkbox&quot;</td><td>&quot;Automate functionality for checkbox selection&quot;</td></tr></table><p class="totop"><a href="#summary">back to summary</a></p>
<h3 id="m7">com.runners.CheckoutTestRunner#runScenario</h3><table class="result"><tr class="param"><th>Parameter #1</th><th>Parameter #2</th></tr><tr class="param stripe"><td>&quot;User completes checkout and sees Thank You message&quot;</td><td>&quot;Checkout Cart process&quot;</td></tr></table><p class="totop"><a href="#summary">back to summary</a></p>
<h3 id="m8">com.runners.CourseFilterTestRunner#runScenario</h3><table class="result"><tr class="param"><th>Parameter #1</th><th>Parameter #2</th></tr><tr class="param stripe"><td>&quot;Verify category selection&quot;</td><td>&quot;Course Category Filtering&quot;</td></tr></table><p class="totop"><a href="#summary">back to summary</a></p>
<h3 id="m9">com.runners.CourseSearchTestRunner#runScenario</h3><table class="result"><tr class="param"><th>Parameter #1</th><th>Parameter #2</th></tr><tr class="param stripe"><td>&quot;Verify course search for Python&quot;</td><td>&quot;Course Search Functionality&quot;</td></tr></table><p class="totop"><a href="#summary">back to summary</a></p>
<h3 id="m10">com.runners.EnableDisableTestRunner#runScenario</h3><table class="result"><tr class="param"><th>Parameter #1</th><th>Parameter #2</th></tr><tr class="param stripe"><td>&quot;Verify disabling the field&quot;</td><td>&quot;Automate functionality for enabling and disabling fields&quot;</td></tr></table><p class="totop"><a href="#summary">back to summary</a></p>
<h3 id="m11">com.runners.EnableDisableTestRunner#runScenario</h3><table class="result"><tr class="param"><th>Parameter #1</th><th>Parameter #2</th></tr><tr class="param stripe"><td>&quot;Verify enabling the field and entering text&quot;</td><td>&quot;Automate functionality for enabling and disabling fields&quot;</td></tr></table><p class="totop"><a href="#summary">back to summary</a></p>
<h3 id="m12">com.runners.HideShowTestRunner#runScenario</h3><table class="result"><tr class="param"><th>Parameter #1</th><th>Parameter #2</th></tr><tr class="param stripe"><td>&quot;Verify the hide and show functionality with text input&quot;</td><td>&quot;Hide and Show Element Functionality&quot;</td></tr></table><p class="totop"><a href="#summary">back to summary</a></p>
<h3 id="m13">com.runners.HomePageTestRunner#runScenario</h3><table class="result"><tr class="param"><th>Parameter #1</th><th>Parameter #2</th></tr><tr class="param stripe"><td>&quot;Verify all homepage sections are displayed&quot;</td><td>&quot;Home Page Verification&quot;</td></tr></table><p class="totop"><a href="#summary">back to summary</a></p>
<h3 id="m14">com.runners.IFrameTestRunner#runScenario</h3><table class="result"><tr class="param"><th>Parameter #1</th><th>Parameter #2</th></tr><tr class="param stripe"><td>&quot;Verify switching to and from an iFrame with moveToElement&quot;</td><td>&quot;iFrame Handling with Move to Element&quot;</td></tr></table><p class="totop"><a href="#summary">back to summary</a></p>
<h3 id="m15">com.runners.MouseHoverTestRunner#runScenario</h3><table class="result"><tr class="param"><th>Parameter #1</th><th>Parameter #2</th></tr><tr class="param stripe"><td>&quot;Verify clicking an option from mouse hover menu&quot;</td><td>&quot;Mouse Hover Functionality&quot;</td></tr></table><p class="totop"><a href="#summary">back to summary</a></p>
<h3 id="m16">com.runners.MouseHoverTestRunner#runScenario</h3><table class="result"><tr class="param"><th>Parameter #1</th><th>Parameter #2</th></tr><tr class="param stripe"><td>&quot;Verify mouse hover and options visibility&quot;</td><td>&quot;Mouse Hover Functionality&quot;</td></tr></table><p class="totop"><a href="#summary">back to summary</a></p>
<h3 id="m17">com.runners.RadioButtonTestRunner#runScenario</h3><table class="result"><tr class="param"><th>Parameter #1</th><th>Parameter #2</th></tr><tr class="param stripe"><td>&quot;Select BMW option&quot;</td><td>&quot;Automate functionality for radio button&quot;</td></tr></table><p class="totop"><a href="#summary">back to summary</a></p>
<h3 id="m18">com.runners.SelectDropdownTestRunner#runScenario</h3><table class="result"><tr class="param"><th>Parameter #1</th><th>Parameter #2</th></tr><tr class="param stripe"><td>&quot;Verify dropdown selection&quot;</td><td>&quot;Automate functionality for dropdown selection&quot;</td></tr></table><p class="totop"><a href="#summary">back to summary</a></p>
<h3 id="m19">com.runners.SwitchTabTestRunner#runScenario</h3><table class="result"><tr class="param"><th>Parameter #1</th><th>Parameter #2</th></tr><tr class="param stripe"><td>&quot;Verify switching to a new tab&quot;</td><td>&quot;Automate functionality for switching tabs&quot;</td></tr></table><p class="totop"><a href="#summary">back to summary</a></p>
<h3 id="m20">com.runners.SwitchWindowTestRunner#runScenario</h3><table class="result"><tr class="param"><th>Parameter #1</th><th>Parameter #2</th></tr><tr class="param stripe"><td>&quot;Verify switching to a new window&quot;</td><td>&quot;Automate functionality for switching windows&quot;</td></tr></table><p class="totop"><a href="#summary">back to summary</a></p>
<h3 id="m21">com.runners.WebTableTestRunner#runScenario</h3><table class="result"><tr class="param"><th>Parameter #1</th><th>Parameter #2</th></tr><tr class="param stripe"><td>&quot;Verify the price of Python Programming Language&quot;</td><td>&quot;Web Table Price Validation&quot;</td></tr></table><p class="totop"><a href="#summary">back to summary</a></p>
</body>
</html>
