<?xml version="1.0" encoding="UTF-8"?>
<!-- Generated by org.testng.reporters.JUnitReportReporter -->
<testsuite hostname="DESKTOP-KHFPL78" failures="1" tests="2" name="com.runners.HomePageTestRunner" time="22.647" errors="0" timestamp="2025-03-19T01:57:16 PDT" skipped="0">
  <testcase classname="com.runners.HomePageTestRunner" name="runScenario" time="11.781">
    <failure message="Page title does not match! expected [My Courses] but found [Login]" type="java.lang.AssertionError">
      <![CDATA[java.lang.AssertionError: Page title does not match! expected [My Courses] but found [Login]
at org.testng.Assert.fail(Assert.java:111)
at org.testng.Assert.failNotEquals(Assert.java:1590)
at org.testng.Assert.assertEqualsImpl(Assert.java:150)
at org.testng.Assert.assertEquals(Assert.java:132)
at org.testng.Assert.assertEquals(Assert.java:656)
at com.homepagesteps.HomePageStepDefinitions.the_title_of_the_page_should_be(HomePageStepDefinitions.java:42)
at âœ½.The title of the page should be "My Courses"(file:///C:/Users/Administrator/Desktop/Capstone_24532/Projectletskodeit/src/test/resources/Features/HomePage.feature:8)
]]>
    </failure>
  </testcase> <!-- runScenario -->
  <testcase classname="com.runners.HomePageTestRunner" name="runScenario" time="10.866"/>
</testsuite> <!-- com.runners.HomePageTestRunner -->
